#-----------------------------------------------------------
# Vivado v2024.1 (64-bit)
# SW Build 5076996 on Wed May 22 18:36:09 MDT 2024
# IP Build 5075265 on Wed May 22 21:45:21 MDT 2024
# SharedData Build 5076995 on Wed May 22 18:29:18 MDT 2024
# Start of session at: Fri May 23 15:06:39 2025
# Process ID: 2563
# Current directory: /home/fpga/worker_place/temp/temp/781b048555cd4ebd8dfeade44f44cdb7/.obj
# Command line: vivado -mode batch -source build.tcl
# Log file: /home/fpga/worker_place/temp/temp/781b048555cd4ebd8dfeade44f44cdb7/.obj/vivado.log
# Journal file: /home/fpga/worker_place/temp/temp/781b048555cd4ebd8dfeade44f44cdb7/.obj/vivado.jou
# Running On        :eecs-digital-16
# Platform          :Ubuntu
# Operating System  :Ubuntu 24.04.1 LTS
# Processor Detail  :13th Gen Intel(R) Core(TM) i7-13700
# CPU Frequency     :3852.071 MHz
# CPU Physical cores:16
# CPU Logical cores :24
# Host memory       :33324 MB
# Swap memory       :8589 MB
# Total Virtual     :41914 MB
# Available Virtual :40828 MB
#-----------------------------------------------------------
source build.tcl
couldn't read file "build.tcl": no such file or directory
INFO: [Common 17-206] Exiting Vivado at Fri May 23 15:06:41 2025...
