#-----------------------------------------------------------
# Vivado v2024.1 (64-bit)
# SW Build 5076996 on Wed May 22 18:36:09 MDT 2024
# IP Build 5075265 on Wed May 22 21:45:21 MDT 2024
# SharedData Build 5076995 on Wed May 22 18:29:18 MDT 2024
# Start of session at: Sat Dec  7 18:43:59 2024
# Process ID: 29564
# Current directory: /home/fpga/worker_place/temp/2eec0a1cca354579ba81c18ff8af56ed
# Command line: vivado -mode batch -source build.tcl
# Log file: /home/fpga/worker_place/temp/2eec0a1cca354579ba81c18ff8af56ed/vivado.log
# Journal file: /home/fpga/worker_place/temp/2eec0a1cca354579ba81c18ff8af56ed/vivado.jou
# Running On        :eecs-digital-25
# Platform          :Ubuntu
# Operating System  :Ubuntu 24.04.1 LTS
# Processor Detail  :13th Gen Intel(R) Core(TM) i7-13700
# CPU Frequency     :4239.788 MHz
# CPU Physical cores:16
# CPU Logical cores :24
# Host memory       :33325 MB
# Swap memory       :8589 MB
# Total Virtual     :41915 MB
# Available Virtual :40738 MB
#-----------------------------------------------------------
source build.tcl
couldn't read file "build.tcl": no such file or directory
INFO: [Common 17-206] Exiting Vivado at Sat Dec  7 18:44:00 2024...
